<?xml version="1.0" encoding="UTF-8"?>
<!-- Generated by org.testng.reporters.JUnitXMLReporter -->
<testsuite hostname="Arhanechka" ignored="0" tests="4" failures="0" timestamp="2020-11-11T16:41:38 EET" time="15.092" errors="0">
  <testcase name="navigateToLinkTest" time="0.06" classname="NavigationTest"/>
  <testcase name="searchDestinationTest" time="2.503" classname="NavigationTest"/>
  <testcase name="tapRandomPlaceOnMapAndCheckSearchResultTest" time="2.736" classname="NavigationTest"/>
  <testcase name="movingPegmanAndCheckMapMinimizedTest" time="3.126" classname="NavigationTest"/>
</testsuite>
