<?xml version="1.0" encoding="UTF-8"?>
<testsuite xmlns:xsi="http://www.w3.org/2001/XMLSchema-instance" xsi:noNamespaceSchemaLocation="https://maven.apache.org/surefire/maven-surefire-plugin/xsd/surefire-test-report-3.0.xsd" version="3.0" name="TestSuite" time="16.464" tests="4" errors="0" skipped="0" failures="0">
  <properties>
[...]
</properties>
  <testcase name="navigateToLinkTest" classname="NavigationTest" time="0.063"/>
  <testcase name="searchDestinationTest" classname="NavigationTest" time="2.503"/>
  <testcase name="tapRandomPlaceOnMapAndCheckSearchResultTest" classname="NavigationTest" time="2.736"/>
  <testcase name="movingPegmanAndCheckMapMinimizedTest" classname="NavigationTest" time="3.126"/>
</testsuite>