<?xml version="1.0" encoding="UTF-8"?>
<testng-results skipped="0" failed="0" ignored="0" total="4" passed="4">
  <reporter-output>
  </reporter-output>
  <suite name="Surefire suite" duration-ms="15092" started-at="2020-11-11T16:41:23 EET" finished-at="2020-11-11T16:41:38 EET">
    <groups>
    </groups>
    <test name="Surefire test" duration-ms="15092" started-at="2020-11-11T16:41:23 EET" finished-at="2020-11-11T16:41:38 EET">
      <class name="NavigationTest">
        <test-method status="PASS" signature="setUp()[pri:0, instance:NavigationTest@51df223b]" name="setUp" is-config="true" duration-ms="5785" started-at="2020-11-11T16:41:23 EET" finished-at="2020-11-11T16:41:29 EET">
          <reporter-output>
          </reporter-output>
        </test-method> <!-- setUp -->
        <test-method status="PASS" signature="navigateToLinkTest()[pri:1, instance:NavigationTest@51df223b]" name="navigateToLinkTest" duration-ms="60" started-at="2020-11-11T16:41:29 EET" description="Go to navigation link and check the title of the page" finished-at="2020-11-11T16:41:29 EET">
          <reporter-output>
          </reporter-output>
        </test-method> <!-- navigateToLinkTest -->
        <test-method status="PASS" signature="searchDestinationTest()[pri:2, instance:NavigationTest@51df223b]" name="searchDestinationTest" duration-ms="2503" started-at="2020-11-11T16:41:29 EET" description="Type address in search field and check result" finished-at="2020-11-11T16:41:32 EET">
          <reporter-output>
          </reporter-output>
        </test-method> <!-- searchDestinationTest -->
        <test-method status="PASS" signature="tapRandomPlaceOnMapAndCheckSearchResultTest()[pri:3, instance:NavigationTest@51df223b]" name="tapRandomPlaceOnMapAndCheckSearchResultTest" duration-ms="2736" started-at="2020-11-11T16:41:32 EET" description="Tap random place on map, check search result changed, return to previous tile and check result" finished-at="2020-11-11T16:41:35 EET">
          <reporter-output>
          </reporter-output>
        </test-method> <!-- tapRandomPlaceOnMapAndCheckSearchResultTest -->
        <test-method status="PASS" signature="movingPegmanAndCheckMapMinimizedTest()[pri:4, instance:NavigationTest@51df223b]" name="movingPegmanAndCheckMapMinimizedTest" duration-ms="3126" started-at="2020-11-11T16:41:35 EET" description="Move prgman on the map and check map representation minimized" finished-at="2020-11-11T16:41:38 EET">
          <reporter-output>
          </reporter-output>
        </test-method> <!-- movingPegmanAndCheckMapMinimizedTest -->
        <test-method status="PASS" signature="tearDown()[pri:0, instance:NavigationTest@51df223b]" name="tearDown" is-config="true" duration-ms="676" started-at="2020-11-11T16:41:38 EET" finished-at="2020-11-11T16:41:38 EET">
          <reporter-output>
          </reporter-output>
        </test-method> <!-- tearDown -->
      </class> <!-- NavigationTest -->
    </test> <!-- Surefire test -->
  </suite> <!-- Surefire suite -->
</testng-results>
